<?xml version="1.0" encoding="UTF-8"?>
<coverage generated="1524345124263" clover="3.2.0">
  <project timestamp="1524345124263" name="All files">
    <metrics statements="27" coveredstatements="27" conditionals="24" coveredconditionals="23" methods="9" coveredmethods="9" elements="60" coveredelements="59" complexity="0" loc="27" ncloc="27" packages="2" files="4" classes="4">
      <package name="src">
        <metrics statements="25" coveredstatements="25" conditionals="22" coveredconditionals="22" methods="8" coveredmethods="8"/>
        <file name="Context.ts" path="/home/jinux/React/react-translate/src/Context.ts">
          <metrics statements="2" coveredstatements="2" conditionals="0" coveredconditionals="0" methods="0" coveredmethods="0"/>
          <line num="3" count="1" type="stmt"/>
          <line num="7" count="1" type="stmt"/>
        </file>
        <file name="Provider.tsx" path="/home/jinux/React/react-translate/src/Provider.tsx">
          <metrics statements="3" coveredstatements="3" conditionals="0" coveredconditionals="0" methods="3" coveredmethods="3"/>
          <line num="5" count="9" type="stmt"/>
          <line num="6" count="9" type="stmt"/>
          <line num="13" count="9" type="stmt"/>
        </file>
        <file name="index.tsx" path="/home/jinux/React/react-translate/src/index.tsx">
          <metrics statements="20" coveredstatements="20" conditionals="22" coveredconditionals="22" methods="5" coveredmethods="5"/>
          <line num="34" count="14" type="cond" truecount="2" falsecount="0"/>
          <line num="35" count="1" type="stmt"/>
          <line num="37" count="13" type="cond" truecount="2" falsecount="0"/>
          <line num="38" count="13" type="cond" truecount="2" falsecount="0"/>
          <line num="40" count="13" type="stmt"/>
          <line num="42" count="13" type="cond" truecount="3" falsecount="0"/>
          <line num="43" count="13" type="cond" truecount="3" falsecount="0"/>
          <line num="44" count="13" type="cond" truecount="2" falsecount="0"/>
          <line num="45" count="2" type="stmt"/>
          <line num="47" count="13" type="stmt"/>
          <line num="50" count="13" type="stmt"/>
          <line num="51" count="13" type="cond" truecount="2" falsecount="0"/>
          <line num="55" count="13" type="cond" truecount="2" falsecount="0"/>
          <line num="56" count="1" type="stmt"/>
          <line num="57" count="1" type="stmt"/>
          <line num="59" count="12" type="cond" truecount="2" falsecount="0"/>
          <line num="60" count="2" type="stmt"/>
          <line num="61" count="2" type="stmt"/>
          <line num="64" count="13" type="cond" truecount="2" falsecount="0"/>
          <line num="71" count="1" type="stmt"/>
        </file>
      </package>
      <package name="translations">
        <metrics statements="2" coveredstatements="2" conditionals="2" coveredconditionals="1" methods="1" coveredmethods="1"/>
        <file name="index.ts" path="/home/jinux/React/react-translate/translations/index.ts">
          <metrics statements="2" coveredstatements="2" conditionals="2" coveredconditionals="1" methods="1" coveredmethods="1"/>
          <line num="1" count="1" type="stmt"/>
          <line num="2" count="9" type="cond" truecount="1" falsecount="1"/>
        </file>
      </package>
    </metrics>
  </project>
</coverage>
