{"/home/jinux/React/react-translate/src/Context.ts": {"path":"/home/jinux/React/react-translate/src/Context.ts","statementMap":{"0":{"start":{"line":3,"column":27},"end":{"line":5,"column":1}},"1":{"start":{"line":7,"column":19},"end":{"line":9,"column":1}}},"fnMap":{},"branchMap":{},"s":{"0":1,"1":1},"f":{},"b":{},"_coverageSchema":"332fd63041d2c1bcb487cc26dd0d5f7d97098a6c","hash":"60d0efdd56b2a43abc1931e7e5e244aca91bab79"}
,"/home/jinux/React/react-translate/src/Provider.tsx": {"path":"/home/jinux/React/react-translate/src/Provider.tsx","statementMap":{"0":{"start":{"line":5,"column":21},"end":{"line":20,"column":1}},"1":{"start":{"line":5,"column":31},"end":{"line":20,"column":1}},"2":{"start":{"line":6,"column":2},"end":{"line":19,"column":3}},"3":{"start":{"line":13,"column":6},"end":{"line":17,"column":7}}},"fnMap":{"0":{"name":"(anonymous_0)","decl":{"start":{"line":5,"column":21},"end":{"line":5,"column":22}},"loc":{"start":{"line":5,"column":31},"end":{"line":20,"column":1}},"line":5},"1":{"name":"(anonymous_1)","decl":{"start":{"line":5,"column":31},"end":{"line":5,"column":32}},"loc":{"start":{"line":5,"column":46},"end":{"line":20,"column":1}},"line":5},"2":{"name":"(anonymous_2)","decl":{"start":{"line":12,"column":4},"end":{"line":12,"column":5}},"loc":{"start":{"line":12,"column":20},"end":{"line":18,"column":5}},"line":12}},"branchMap":{},"s":{"0":1,"1":9,"2":9,"3":9},"f":{"0":9,"1":9,"2":9},"b":{},"_coverageSchema":"332fd63041d2c1bcb487cc26dd0d5f7d97098a6c","hash":"4a5d36e348db81b8ff5ac21d12620ed46e8523fc"}
,"/home/jinux/React/react-translate/src/index.tsx": {"path":"/home/jinux/React/react-translate/src/index.tsx","statementMap":{"0":{"start":{"line":34,"column":4},"end":{"line":36,"column":5}},"1":{"start":{"line":35,"column":6},"end":{"line":35,"column":17}},"2":{"start":{"line":37,"column":23},"end":{"line":37,"column":61}},"3":{"start":{"line":38,"column":20},"end":{"line":38,"column":51}},"4":{"start":{"line":40,"column":21},"end":{"line":40,"column":31}},"5":{"start":{"line":42,"column":16},"end":{"line":42,"column":52}},"6":{"start":{"line":43,"column":16},"end":{"line":43,"column":52}},"7":{"start":{"line":44,"column":4},"end":{"line":46,"column":5}},"8":{"start":{"line":45,"column":6},"end":{"line":45,"column":48}},"9":{"start":{"line":47,"column":4},"end":{"line":67,"column":5}},"10":{"start":{"line":50,"column":35},"end":{"line":50,"column":40}},"11":{"start":{"line":51,"column":24},"end":{"line":53,"column":30}},"12":{"start":{"line":55,"column":10},"end":{"line":63,"column":11}},"13":{"start":{"line":56,"column":12},"end":{"line":58,"column":14}},"14":{"start":{"line":57,"column":14},"end":{"line":57,"column":55}},"15":{"start":{"line":59,"column":17},"end":{"line":63,"column":11}},"16":{"start":{"line":60,"column":12},"end":{"line":62,"column":14}},"17":{"start":{"line":61,"column":14},"end":{"line":61,"column":66}},"18":{"start":{"line":64,"column":10},"end":{"line":64,"column":49}},"19":{"start":{"line":71,"column":4},"end":{"line":71,"column":36}}},"fnMap":{"0":{"name":"(anonymous_0)","decl":{"start":{"line":33,"column":2},"end":{"line":33,"column":3}},"loc":{"start":{"line":33,"column":18},"end":{"line":68,"column":3}},"line":33},"1":{"name":"(anonymous_1)","decl":{"start":{"line":49,"column":10},"end":{"line":49,"column":11}},"loc":{"start":{"line":49,"column":30},"end":{"line":65,"column":9}},"line":49},"2":{"name":"(anonymous_2)","decl":{"start":{"line":56,"column":22},"end":{"line":56,"column":23}},"loc":{"start":{"line":56,"column":32},"end":{"line":58,"column":13}},"line":56},"3":{"name":"(anonymous_3)","decl":{"start":{"line":60,"column":34},"end":{"line":60,"column":35}},"loc":{"start":{"line":60,"column":44},"end":{"line":62,"column":13}},"line":60},"4":{"name":"(anonymous_4)","decl":{"start":{"line":70,"column":2},"end":{"line":70,"column":3}},"loc":{"start":{"line":70,"column":29},"end":{"line":72,"column":3}},"line":70}},"branchMap":{"0":{"loc":{"start":{"line":34,"column":4},"end":{"line":36,"column":5}},"type":"if","locations":[{"start":{"line":34,"column":4},"end":{"line":36,"column":5}},{"start":{"line":34,"column":4},"end":{"line":36,"column":5}}],"line":34},"1":{"loc":{"start":{"line":37,"column":23},"end":{"line":37,"column":61}},"type":"binary-expr","locations":[{"start":{"line":37,"column":23},"end":{"line":37,"column":38}},{"start":{"line":37,"column":42},"end":{"line":37,"column":61}}],"line":37},"2":{"loc":{"start":{"line":38,"column":20},"end":{"line":38,"column":51}},"type":"binary-expr","locations":[{"start":{"line":38,"column":20},"end":{"line":38,"column":38}},{"start":{"line":38,"column":42},"end":{"line":38,"column":51}}],"line":38},"3":{"loc":{"start":{"line":42,"column":16},"end":{"line":42,"column":52}},"type":"binary-expr","locations":[{"start":{"line":42,"column":16},"end":{"line":42,"column":28}},{"start":{"line":42,"column":32},"end":{"line":42,"column":46}},{"start":{"line":42,"column":50},"end":{"line":42,"column":52}}],"line":42},"4":{"loc":{"start":{"line":43,"column":16},"end":{"line":43,"column":52}},"type":"binary-expr","locations":[{"start":{"line":43,"column":16},"end":{"line":43,"column":28}},{"start":{"line":43,"column":32},"end":{"line":43,"column":46}},{"start":{"line":43,"column":50},"end":{"line":43,"column":52}}],"line":43},"5":{"loc":{"start":{"line":44,"column":4},"end":{"line":46,"column":5}},"type":"if","locations":[{"start":{"line":44,"column":4},"end":{"line":46,"column":5}},{"start":{"line":44,"column":4},"end":{"line":46,"column":5}}],"line":44},"6":{"loc":{"start":{"line":51,"column":24},"end":{"line":53,"column":30}},"type":"cond-expr","locations":[{"start":{"line":52,"column":12},"end":{"line":52,"column":39}},{"start":{"line":53,"column":12},"end":{"line":53,"column":30}}],"line":51},"7":{"loc":{"start":{"line":55,"column":10},"end":{"line":63,"column":11}},"type":"if","locations":[{"start":{"line":55,"column":10},"end":{"line":63,"column":11}},{"start":{"line":55,"column":10},"end":{"line":63,"column":11}}],"line":55},"8":{"loc":{"start":{"line":59,"column":17},"end":{"line":63,"column":11}},"type":"if","locations":[{"start":{"line":59,"column":17},"end":{"line":63,"column":11}},{"start":{"line":59,"column":17},"end":{"line":63,"column":11}}],"line":59},"9":{"loc":{"start":{"line":64,"column":26},"end":{"line":64,"column":41}},"type":"binary-expr","locations":[{"start":{"line":64,"column":26},"end":{"line":64,"column":33}},{"start":{"line":64,"column":37},"end":{"line":64,"column":41}}],"line":64}},"s":{"0":14,"1":1,"2":13,"3":13,"4":13,"5":13,"6":13,"7":13,"8":2,"9":13,"10":13,"11":13,"12":13,"13":1,"14":1,"15":12,"16":2,"17":2,"18":13,"19":1},"f":{"0":14,"1":13,"2":1,"3":2,"4":1},"b":{"0":[1,13],"1":[13,5],"2":[13,8],"3":[13,12,12],"4":[13,12,12],"5":[2,11],"6":[9,4],"7":[1,12],"8":[2,10],"9":[13,4]},"_coverageSchema":"332fd63041d2c1bcb487cc26dd0d5f7d97098a6c","hash":"7a3b25bf74d5853254622ab20dcc8a1989a12c5d"}
,"/home/jinux/React/react-translate/translations/index.ts": {"path":"/home/jinux/React/react-translate/translations/index.ts","statementMap":{"0":{"start":{"line":1,"column":13},"end":{"line":5,"column":1}},"1":{"start":{"line":2,"column":2},"end":{"line":4,"column":6}}},"fnMap":{"0":{"name":"(anonymous_0)","decl":{"start":{"line":1,"column":13},"end":{"line":1,"column":14}},"loc":{"start":{"line":2,"column":2},"end":{"line":4,"column":6}},"line":2}},"branchMap":{"0":{"loc":{"start":{"line":2,"column":2},"end":{"line":4,"column":6}},"type":"cond-expr","locations":[{"start":{"line":3,"column":2},"end":{"line":3,"column":31}},{"start":{"line":4,"column":4},"end":{"line":4,"column":6}}],"line":2}},"s":{"0":1,"1":9},"f":{"0":9},"b":{"0":[9,0]},"_coverageSchema":"332fd63041d2c1bcb487cc26dd0d5f7d97098a6c","hash":"086687b68948163fec8b80481326ecd27df7b5ee"}
}
