TN:
SF:/home/jinux/React/react-translate/src/Context.ts
FNF:0
FNH:0
DA:3,1
DA:7,1
LF:2
LH:2
BRF:0
BRH:0
end_of_record
TN:
SF:/home/jinux/React/react-translate/src/Provider.tsx
FN:5,(anonymous_0)
FN:5,(anonymous_1)
FN:12,(anonymous_2)
FNF:3
FNH:3
FNDA:9,(anonymous_0)
FNDA:9,(anonymous_1)
FNDA:9,(anonymous_2)
DA:5,9
DA:6,9
DA:13,9
LF:3
LH:3
BRF:0
BRH:0
end_of_record
TN:
SF:/home/jinux/React/react-translate/src/index.tsx
FN:33,(anonymous_0)
FN:49,(anonymous_1)
FN:56,(anonymous_2)
FN:60,(anonymous_3)
FN:70,(anonymous_4)
FNF:5
FNH:5
FNDA:14,(anonymous_0)
FNDA:13,(anonymous_1)
FNDA:1,(anonymous_2)
FNDA:2,(anonymous_3)
FNDA:1,(anonymous_4)
DA:34,14
DA:35,1
DA:37,13
DA:38,13
DA:40,13
DA:42,13
DA:43,13
DA:44,13
DA:45,2
DA:47,13
DA:50,13
DA:51,13
DA:55,13
DA:56,1
DA:57,1
DA:59,12
DA:60,2
DA:61,2
DA:64,13
DA:71,1
LF:20
LH:20
BRDA:34,0,0,1
BRDA:34,0,1,13
BRDA:37,1,0,13
BRDA:37,1,1,5
BRDA:38,2,0,13
BRDA:38,2,1,8
BRDA:42,3,0,13
BRDA:42,3,1,12
BRDA:42,3,2,12
BRDA:43,4,0,13
BRDA:43,4,1,12
BRDA:43,4,2,12
BRDA:44,5,0,2
BRDA:44,5,1,11
BRDA:51,6,0,9
BRDA:51,6,1,4
BRDA:55,7,0,1
BRDA:55,7,1,12
BRDA:59,8,0,2
BRDA:59,8,1,10
BRDA:64,9,0,13
BRDA:64,9,1,4
BRF:22
BRH:22
end_of_record
TN:
SF:/home/jinux/React/react-translate/translations/index.ts
FN:1,(anonymous_0)
FNF:1
FNH:1
FNDA:9,(anonymous_0)
DA:1,1
DA:2,9
LF:2
LH:2
BRDA:2,0,0,9
BRDA:2,0,1,0
BRF:2
BRH:1
end_of_record
